<?xml version="1.0" encoding="UTF-8"?>
<testsuite xmlns:xsi="http://www.w3.org/2001/XMLSchema-instance" xsi:noNamespaceSchemaLocation="https://maven.apache.org/surefire/maven-surefire-plugin/xsd/surefire-test-report-3.0.xsd" version="3.0" name="Gift Card Purchase" time="119.459" tests="3" errors="0" skipped="0" failures="1">
  <properties>
[...]
</properties>
  <testcase name="User can select and send an E-Gift Card with verification" classname="Gift Card Purchase" time="32.037">
    <system-out><![CDATA[
Scenario: User can select and send an E-Gift Card with verification         # file:///C:/Users/Consultant/Downloads/selenium_project_feature_parallel/selenium_project_feature_parallel/src/test/resources/features/GiftCard.feature:3
  ✔ Given User opens the Cineplex homepage                                  # com.cineplex.stepdefinitions.GiftCardSteps.user_opens_cineplex_homepage()
  ✔ And User clicks on the Menu button                                      # com.cineplex.stepdefinitions.GiftCardSteps.user_clicks_on_menu_button()
  ✔ And User navigates to Gift Cards                                        # com.cineplex.stepdefinitions.GiftCardSteps.user_navigates_to_gift_cards()
  ✔ When User clicks Send an E-Gift Card                                    # com.cineplex.stepdefinitions.GiftCardSteps.user_clicks_send_e_gift_card()
  ✔ And User scrolls down the page a few times and back to top              # com.cineplex.stepdefinitions.GiftCardSteps.user_scrolls_down_and_back()
  ✔ And User enters "90" as the card value                                  # com.cineplex.stepdefinitions.GiftCardSteps.user_enters_card_value(java.lang.String)
  ✔ And User enters "7" as the quantity                                     # com.cineplex.stepdefinitions.GiftCardSteps.user_enters_quantity(java.lang.String)
  ✔ And User enters "Happy Birthday!" as the personal message               # com.cineplex.stepdefinitions.GiftCardSteps.user_enters_personal_message(java.lang.String)
  ✔ And User selects "Self deliver" as the delivery option                  # com.cineplex.stepdefinitions.GiftCardSteps.user_selects_delivery_option(java.lang.String)
  ✔ And User enters "John Doe" as the recipient name                        # com.cineplex.stepdefinitions.GiftCardSteps.user_enters_recipient_name(java.lang.String)
  ✔ And User clicks Add to cart to complete the selection                   # com.cineplex.stepdefinitions.GiftCardSteps.user_clicks_add_to_cart()
  ✔ Then the gift cards should be added to the cart with the correct values # com.cineplex.stepdefinitions.GiftCardSteps.the_gift_cards_should_be_added_to_cart_with_correct_values()
]]></system-out>
    <system-err><![CDATA[Sep 11, 2025 9:26:05 A.M. org.openqa.selenium.devtools.CdpVersionFinder findNearestMatch
WARNING: Unable to find an exact match for CDP version 140, returning the closest version; found: 139; Please update to a Selenium version that supports CDP version 140
]]></system-err>
  </testcase>
  <testcase name="User tries to enter a gift card value exceeding the maximum allowed" classname="Gift Card Purchase" time="47.579">
    <failure message="expected:&lt;[20]0&gt; but was:&lt;[1]0&gt;" type="org.junit.ComparisonFailure"><![CDATA[org.junit.ComparisonFailure: expected:<[20]0> but was:<[1]0>
	at org.junit.Assert.assertEquals(Assert.java:117)
	at org.junit.Assert.assertEquals(Assert.java:146)
	at com.cineplex.actions.GiftCardPageActions.verifyCardValueAdjustment(GiftCardPageActions.java:342)
	at com.cineplex.stepdefinitions.GiftCardSteps.the_gift_card_value_field_should_automatically_adjust(GiftCardSteps.java:94)
	at ✽.the gift card value field should automatically adjust to the maximum allowed "200"(file:///C:/Users/Consultant/Downloads/selenium_project_feature_parallel/selenium_project_feature_parallel/src/test/resources/features/GiftCard.feature:25)
]]></failure>
    <system-out><![CDATA[
Scenario: User tries to enter a gift card value exceeding the maximum allowed               # file:///C:/Users/Consultant/Downloads/selenium_project_feature_parallel/selenium_project_feature_parallel/src/test/resources/features/GiftCard.feature:17
  ✔ Given User opens the Cineplex homepage                                                  # com.cineplex.stepdefinitions.GiftCardSteps.user_opens_cineplex_homepage()
  ✔ And User clicks on the Menu button                                                      # com.cineplex.stepdefinitions.GiftCardSteps.user_clicks_on_menu_button()
  ✔ And User navigates to Gift Cards                                                        # com.cineplex.stepdefinitions.GiftCardSteps.user_navigates_to_gift_cards()
  ✔ When User clicks Send an E-Gift Card                                                    # com.cineplex.stepdefinitions.GiftCardSteps.user_clicks_send_e_gift_card()
  ✔ And User scrolls down the page a few times and back to top                              # com.cineplex.stepdefinitions.GiftCardSteps.user_scrolls_down_and_back()
  ✔ And User enters "250" as the card value                                                 # com.cineplex.stepdefinitions.GiftCardSteps.user_enters_card_value(java.lang.String)
  ✔ And User enters "7" as the quantity                                                     # com.cineplex.stepdefinitions.GiftCardSteps.user_enters_quantity(java.lang.String)
  ✘ Then the gift card value field should automatically adjust to the maximum allowed "200" # com.cineplex.stepdefinitions.GiftCardSteps.the_gift_card_value_field_should_automatically_adjust(java.lang.String)
        org.junit.ComparisonFailure: expected:<[20]0> but was:<[1]0>
        	at org.junit.Assert.assertEquals(Assert.java:117)
        	at org.junit.Assert.assertEquals(Assert.java:146)
        	at com.cineplex.actions.GiftCardPageActions.verifyCardValueAdjustment(GiftCardPageActions.java:342)
        	at com.cineplex.stepdefinitions.GiftCardSteps.the_gift_card_value_field_should_automatically_adjust(GiftCardSteps.java:94)
        	at ✽.the gift card value field should automatically adjust to the maximum allowed "200"(file:///C:/Users/Consultant/Downloads/selenium_project_feature_parallel/selenium_project_feature_parallel/src/test/resources/features/GiftCard.feature:25)
]]></system-out>
    <system-err><![CDATA[Sep 11, 2025 9:26:36 A.M. org.openqa.selenium.devtools.CdpVersionFinder findNearestMatch
WARNING: Unable to find an exact match for CDP version 140, returning the closest version; found: 139; Please update to a Selenium version that supports CDP version 140
]]></system-err>
  </testcase>
  <testcase name="User tries to enter a gift card quantity exceeding the maximum allowed" classname="Gift Card Purchase" time="39.841">
    <system-out><![CDATA[
Scenario: User tries to enter a gift card quantity exceeding the maximum allowed   # file:///C:/Users/Consultant/Downloads/selenium_project_feature_parallel/selenium_project_feature_parallel/src/test/resources/features/GiftCard.feature:27
  ✔ Given User opens the Cineplex homepage                                         # com.cineplex.stepdefinitions.GiftCardSteps.user_opens_cineplex_homepage()
  ✔ And User clicks on the Menu button                                             # com.cineplex.stepdefinitions.GiftCardSteps.user_clicks_on_menu_button()
  ✔ And User navigates to Gift Cards                                               # com.cineplex.stepdefinitions.GiftCardSteps.user_navigates_to_gift_cards()
  ✔ When User clicks Send an E-Gift Card                                           # com.cineplex.stepdefinitions.GiftCardSteps.user_clicks_send_e_gift_card()
  ✔ And User scrolls down the page a few times and back to top                     # com.cineplex.stepdefinitions.GiftCardSteps.user_scrolls_down_and_back()
  ✔ And User enters "90" as the card value                                         # com.cineplex.stepdefinitions.GiftCardSteps.user_enters_card_value(java.lang.String)
  ✔ And User enters "35" as the quantity                                           # com.cineplex.stepdefinitions.GiftCardSteps.user_enters_quantity(java.lang.String)
  ✔ Then the quantity field should automatically adjust to the maximum allowed "7" # com.cineplex.stepdefinitions.GiftCardSteps.the_quantity_field_should_automatically_adjust(java.lang.String)
]]></system-out>
    <system-err><![CDATA[Sep 11, 2025 9:27:25 A.M. org.openqa.selenium.devtools.CdpVersionFinder findNearestMatch
WARNING: Unable to find an exact match for CDP version 140, returning the closest version; found: 139; Please update to a Selenium version that supports CDP version 140
]]></system-err>
  </testcase>
</testsuite>