<?xml version="1.0" encoding="UTF-8"?>
<testsuite xmlns:xsi="http://www.w3.org/2001/XMLSchema-instance" xsi:noNamespaceSchemaLocation="https://maven.apache.org/surefire/maven-surefire-plugin/xsd/surefire-test-report-3.0.xsd" version="3.0" name="Movie Experience" time="108.916" tests="3" errors="1" skipped="0" failures="0">
  <properties>
[...]
</properties>
  <testcase name="User views basic movie details #1" classname="Movie Experience" time="31.673">
    <error message="Expected condition failed: waiting for visibility of element located by By.xpath: //img[@alt=&apos;Relay&apos;] (tried for 10 second(s) with 500 milliseconds interval)&#10;Build info: version: &apos;4.35.0&apos;, revision: &apos;1c58e5028b&apos;&#10;System info: os.name: &apos;Windows 11&apos;, os.arch: &apos;amd64&apos;, os.version: &apos;10.0&apos;, java.version: &apos;24.0.2&apos;&#10;Driver info: org.openqa.selenium.chrome.ChromeDriver&#10;Capabilities {acceptInsecureCerts: false, browserName: chrome, browserVersion: 140.0.7339.128, chrome: {chromedriverVersion: 140.0.7339.82 (bc93617e21c3..., userDataDir: C:\Users\CONSUL~1\AppData\L...}, fedcm:accounts: true, goog:chromeOptions: {debuggerAddress: localhost:63612}, networkConnectionEnabled: false, pageLoadStrategy: normal, platformName: windows, proxy: Proxy(), se:cdp: ws://localhost:63612/devtoo..., se:cdpVersion: 140.0.7339.128, setWindowRect: true, strictFileInteractability: false, timeouts: {implicit: 0, pageLoad: 300000, script: 30000}, unhandledPromptBehavior: dismiss and notify, webauthn:extension:credBlob: true, webauthn:extension:largeBlob: true, webauthn:extension:minPinLength: true, webauthn:extension:prf: true, webauthn:virtualAuthenticators: true}&#10;Session ID: 8f5672834f1d99b15908db5ca060a5c5" type="org.openqa.selenium.TimeoutException"><![CDATA[org.openqa.selenium.TimeoutException: 
Expected condition failed: waiting for visibility of element located by By.xpath: //img[@alt='Relay'] (tried for 10 second(s) with 500 milliseconds interval)
Build info: version: '4.35.0', revision: '1c58e5028b'
System info: os.name: 'Windows 11', os.arch: 'amd64', os.version: '10.0', java.version: '24.0.2'
Driver info: org.openqa.selenium.chrome.ChromeDriver
Capabilities {acceptInsecureCerts: false, browserName: chrome, browserVersion: 140.0.7339.128, chrome: {chromedriverVersion: 140.0.7339.82 (bc93617e21c3..., userDataDir: C:\Users\CONSUL~1\AppData\L...}, fedcm:accounts: true, goog:chromeOptions: {debuggerAddress: localhost:63612}, networkConnectionEnabled: false, pageLoadStrategy: normal, platformName: windows, proxy: Proxy(), se:cdp: ws://localhost:63612/devtoo..., se:cdpVersion: 140.0.7339.128, setWindowRect: true, strictFileInteractability: false, timeouts: {implicit: 0, pageLoad: 300000, script: 30000}, unhandledPromptBehavior: dismiss and notify, webauthn:extension:credBlob: true, webauthn:extension:largeBlob: true, webauthn:extension:minPinLength: true, webauthn:extension:prf: true, webauthn:virtualAuthenticators: true}
Session ID: 8f5672834f1d99b15908db5ca060a5c5
	at org.openqa.selenium.support.ui.WebDriverWait.timeoutException(WebDriverWait.java:84)
	at org.openqa.selenium.support.ui.FluentWait.until(FluentWait.java:228)
	at com.cineplex.actions.MoviePageActions.selectMovieFromSearchResults(MoviePageActions.java:65)
	at com.cineplex.stepdefinitions.MovieSteps.user_selects_movie_from_search_results(MovieSteps.java:41)
	at ✽.User selects the movie "Relay" from the search results(file:///C:/Users/Consultant/Downloads/selenium_project_feature_parallel/selenium_project_feature_parallel/src/test/resources/features/Movie.feature:6)
]]></error>
    <system-out><![CDATA[
Scenario Outline: User views basic movie details               # file:///C:/Users/Consultant/Downloads/selenium_project_feature_parallel/selenium_project_feature_parallel/src/test/resources/features/Movie.feature:13
  ✔ Given User opens the Cineplex homepage                     # com.cineplex.stepdefinitions.GiftCardSteps.user_opens_cineplex_homepage()
  ✔ When User searches for "Relay"                             # com.cineplex.stepdefinitions.MovieSteps.user_searches_for(java.lang.String)
  ✘ And User selects the movie "Relay" from the search results # com.cineplex.stepdefinitions.MovieSteps.user_selects_movie_from_search_results(java.lang.String)
        org.openqa.selenium.TimeoutException: Expected condition failed: waiting for visibility of element located by By.xpath: //img[@alt='Relay'] (tried for 10 second(s) with 500 milliseconds interval)
        Build info: version: '4.35.0', revision: '1c58e5028b'
        System info: os.name: 'Windows 11', os.arch: 'amd64', os.version: '10.0', java.version: '24.0.2'
        Driver info: org.openqa.selenium.chrome.ChromeDriver
        Capabilities {acceptInsecureCerts: false, browserName: chrome, browserVersion: 140.0.7339.128, chrome: {chromedriverVersion: 140.0.7339.82 (bc93617e21c3..., userDataDir: C:\Users\CONSUL~1\AppData\L...}, fedcm:accounts: true, goog:chromeOptions: {debuggerAddress: localhost:63612}, networkConnectionEnabled: false, pageLoadStrategy: normal, platformName: windows, proxy: Proxy(), se:cdp: ws://localhost:63612/devtoo..., se:cdpVersion: 140.0.7339.128, setWindowRect: true, strictFileInteractability: false, timeouts: {implicit: 0, pageLoad: 300000, script: 30000}, unhandledPromptBehavior: dismiss and notify, webauthn:extension:credBlob: true, webauthn:extension:largeBlob: true, webauthn:extension:minPinLength: true, webauthn:extension:prf: true, webauthn:virtualAuthenticators: true}
        Session ID: 8f5672834f1d99b15908db5ca060a5c5
        	at org.openqa.selenium.support.ui.WebDriverWait.timeoutException(WebDriverWait.java:84)
        	at org.openqa.selenium.support.ui.FluentWait.until(FluentWait.java:228)
        	at com.cineplex.actions.MoviePageActions.selectMovieFromSearchResults(MoviePageActions.java:65)
        	at com.cineplex.stepdefinitions.MovieSteps.user_selects_movie_from_search_results(MovieSteps.java:41)
        	at ✽.User selects the movie "Relay" from the search results(file:///C:/Users/Consultant/Downloads/selenium_project_feature_parallel/selenium_project_feature_parallel/src/test/resources/features/Movie.feature:6)
  ↷ Then Movie title should be displayed as "Relay"            # com.cineplex.stepdefinitions.MovieSteps.movie_title_should_be_displayed(java.lang.String)
  ↷ And The runtime should be visible as "1h 52min"            # com.cineplex.stepdefinitions.MovieSteps.the_runtime_should_be_visible(java.lang.String)
  ↷ And The genre should be visible as "Action, Thriller"      # com.cineplex.stepdefinitions.MovieSteps.the_genre_should_be_visible(java.lang.String)
  ↷ And The rating should be visible as "14A"                  # com.cineplex.stepdefinitions.MovieSteps.the_rating_should_be_visible(java.lang.String)
]]></system-out>
    <system-err><![CDATA[Sep 11, 2025 9:26:05 A.M. org.openqa.selenium.devtools.CdpVersionFinder findNearestMatch
WARNING: Unable to find an exact match for CDP version 140, returning the closest version; found: 139; Please update to a Selenium version that supports CDP version 140
]]></system-err>
  </testcase>
  <testcase name="User views basic movie details #2" classname="Movie Experience" time="37.382">
    <system-out><![CDATA[
Scenario Outline: User views basic movie details                  # file:///C:/Users/Consultant/Downloads/selenium_project_feature_parallel/selenium_project_feature_parallel/src/test/resources/features/Movie.feature:14
  ✔ Given User opens the Cineplex homepage                        # com.cineplex.stepdefinitions.GiftCardSteps.user_opens_cineplex_homepage()
  ✔ When User searches for "Nobody 2"                             # com.cineplex.stepdefinitions.MovieSteps.user_searches_for(java.lang.String)
  ✔ And User selects the movie "Nobody 2" from the search results # com.cineplex.stepdefinitions.MovieSteps.user_selects_movie_from_search_results(java.lang.String)
  ✔ Then Movie title should be displayed as "Nobody 2"            # com.cineplex.stepdefinitions.MovieSteps.movie_title_should_be_displayed(java.lang.String)
  ✔ And The runtime should be visible as "1h 29min"               # com.cineplex.stepdefinitions.MovieSteps.the_runtime_should_be_visible(java.lang.String)
  ✔ And The genre should be visible as "Comedy, Crime, Thriller"  # com.cineplex.stepdefinitions.MovieSteps.the_genre_should_be_visible(java.lang.String)
  ✔ And The rating should be visible as "14A"                     # com.cineplex.stepdefinitions.MovieSteps.the_rating_should_be_visible(java.lang.String)
]]></system-out>
    <system-err><![CDATA[Sep 11, 2025 9:26:35 A.M. org.openqa.selenium.devtools.CdpVersionFinder findNearestMatch
WARNING: Unable to find an exact match for CDP version 140, returning the closest version; found: 139; Please update to a Selenium version that supports CDP version 140
]]></system-err>
  </testcase>
  <testcase name="User views basic movie details #3" classname="Movie Experience" time="39.861">
    <system-out><![CDATA[
Scenario Outline: User views basic movie details                                  # file:///C:/Users/Consultant/Downloads/selenium_project_feature_parallel/selenium_project_feature_parallel/src/test/resources/features/Movie.feature:15
  ✔ Given User opens the Cineplex homepage                                        # com.cineplex.stepdefinitions.GiftCardSteps.user_opens_cineplex_homepage()
  ✔ When User searches for "How to Train Your Dragon"                             # com.cineplex.stepdefinitions.MovieSteps.user_searches_for(java.lang.String)
  ✔ And User selects the movie "How to Train Your Dragon" from the search results # com.cineplex.stepdefinitions.MovieSteps.user_selects_movie_from_search_results(java.lang.String)
  ✔ Then Movie title should be displayed as "How to Train Your Dragon"            # com.cineplex.stepdefinitions.MovieSteps.movie_title_should_be_displayed(java.lang.String)
  ✔ And The runtime should be visible as "2h 6min"                                # com.cineplex.stepdefinitions.MovieSteps.the_runtime_should_be_visible(java.lang.String)
  ✔ And The genre should be visible as "Action, Adventure"                        # com.cineplex.stepdefinitions.MovieSteps.the_genre_should_be_visible(java.lang.String)
  ✔ And The rating should be visible as "PG"                                      # com.cineplex.stepdefinitions.MovieSteps.the_rating_should_be_visible(java.lang.String)
]]></system-out>
    <system-err><![CDATA[Sep 11, 2025 9:27:13 A.M. org.openqa.selenium.devtools.CdpVersionFinder findNearestMatch
WARNING: Unable to find an exact match for CDP version 140, returning the closest version; found: 139; Please update to a Selenium version that supports CDP version 140
]]></system-err>
  </testcase>
</testsuite>