<?xml version="1.0" encoding="UTF-8"?>
<testsuite xmlns:xsi="http://www.w3.org/2001/XMLSchema-instance" xsi:noNamespaceSchemaLocation="https://maven.apache.org/surefire/maven-surefire-plugin/xsd/surefire-test-report-3.0.xsd" version="3.0" name="com.cineplex.runners.TestRunner" time="109.784" tests="10" errors="2" skipped="0" failures="0">
  <properties>
[...]
</properties>
  <testcase name="User should be able to login with valid credentials" classname="User Account Management" time="9.633">
    <system-out><![CDATA[
Scenario: User should be able to login with valid credentials                          # file:///F:/Trial/selenium_project/src/test/resources/features/Account.feature:3
Login page opened and iframe verified
  ✔ Given User is on the login page                                                    # com.cineplex.stepdefinitions.AccountSteps.userIsOnTheLoginPage()
Email and Password entered.
  ✔ When User enters email "ayerramilli@yahoo.com" and password "TestPassword@123"     # com.cineplex.stepdefinitions.AccountSteps.user_enters_email_and_password(java.lang.String,java.lang.String)
  ✔ And User clicks the login button                                                   # com.cineplex.stepdefinitions.AccountSteps.userClicksTheLoginButton()
Redirected to 2-Step Verification Setup page.
  ✔ Then User should be redirected to setup 2-Step Verification after successful login # com.cineplex.stepdefinitions.AccountSteps.userShouldBeRedirectedToSetup2StepVerificationAfterSuccessfulLogin()
]]></system-out>
  </testcase>
  <testcase name="User should not be able to login with invalid credentials #1" classname="User Account Management" time="11.781">
    <system-out><![CDATA[
Scenario: User should not be able to login with invalid credentials             # file:///F:/Trial/selenium_project/src/test/resources/features/Account.feature:17
Login page opened and iframe verified
  ✔ Given User is on the login page                                             # com.cineplex.stepdefinitions.AccountSteps.userIsOnTheLoginPage()
Email and Password entered.
  ✔ When User enters email "user@test.com" and password "TestPassword@123@4443" # com.cineplex.stepdefinitions.AccountSteps.user_enters_email_and_password(java.lang.String,java.lang.String)
  ✔ And User clicks the login button                                            # com.cineplex.stepdefinitions.AccountSteps.userClicksTheLoginButton()
  ✔ Then User should see an error message                                       # com.cineplex.stepdefinitions.AccountSteps.userShouldSeeAnErrorMessage()
]]></system-out>
  </testcase>
  <testcase name="User should not be able to login with invalid credentials #2" classname="User Account Management" time="10.058">
    <system-out><![CDATA[
Scenario: User should not be able to login with invalid credentials             # file:///F:/Trial/selenium_project/src/test/resources/features/Account.feature:18
Login page opened and iframe verified
  ✔ Given User is on the login page                                             # com.cineplex.stepdefinitions.AccountSteps.userIsOnTheLoginPage()
Email and Password entered.
  ✔ When User enters email "invalid@yahoo.com" and password "wrongpassword@123" # com.cineplex.stepdefinitions.AccountSteps.user_enters_email_and_password(java.lang.String,java.lang.String)
  ✔ And User clicks the login button                                            # com.cineplex.stepdefinitions.AccountSteps.userClicksTheLoginButton()
  ✔ Then User should see an error message                                       # com.cineplex.stepdefinitions.AccountSteps.userShouldSeeAnErrorMessage()
]]></system-out>
  </testcase>
  <testcase name="User should not be able to login with invalid credentials #3" classname="User Account Management" time="10.275">
    <system-out><![CDATA[
Scenario: User should not be able to login with invalid credentials                # file:///F:/Trial/selenium_project/src/test/resources/features/Account.feature:19
Login page opened and iframe verified
  ✔ Given User is on the login page                                                # com.cineplex.stepdefinitions.AccountSteps.userIsOnTheLoginPage()
Email and Password entered.
  ✔ When User enters email "user@example.com" and password "incorrectpassword@345" # com.cineplex.stepdefinitions.AccountSteps.user_enters_email_and_password(java.lang.String,java.lang.String)
  ✔ And User clicks the login button                                               # com.cineplex.stepdefinitions.AccountSteps.userClicksTheLoginButton()
  ✔ Then User should see an error message                                          # com.cineplex.stepdefinitions.AccountSteps.userShouldSeeAnErrorMessage()
]]></system-out>
  </testcase>
  <testcase name="User can select and send an E-Gift Card with verification" classname="Gift Card Purchase" time="14.267">
    <system-out><![CDATA[
Scenario: User can select and send an E-Gift Card with verification         # file:///F:/Trial/selenium_project/src/test/resources/features/GiftCard.feature:3
  ✔ Given User opens the Cineplex homepage                                  # com.cineplex.stepdefinitions.GiftCardSteps.user_opens_cineplex_homepage()
  ✔ And User clicks on the Menu button                                      # com.cineplex.stepdefinitions.GiftCardSteps.user_clicks_on_menu_button()
  ✔ And User navigates to Gift Cards                                        # com.cineplex.stepdefinitions.GiftCardSteps.user_navigates_to_gift_cards()
  ✔ When User clicks Send an E-Gift Card                                    # com.cineplex.stepdefinitions.GiftCardSteps.user_clicks_send_e_gift_card()
  ✔ And User scrolls down the page a few times and back to top              # com.cineplex.stepdefinitions.GiftCardSteps.user_scrolls_down_and_back()
  ✔ And User enters "90" as the card value                                  # com.cineplex.stepdefinitions.GiftCardSteps.user_enters_card_value(java.lang.String)
  ✔ And User enters "7" as the quantity                                     # com.cineplex.stepdefinitions.GiftCardSteps.user_enters_quantity(java.lang.String)
  ✔ And User enters "Happy Birthday!" as the personal message               # com.cineplex.stepdefinitions.GiftCardSteps.user_enters_personal_message(java.lang.String)
  ✔ And User selects "Self deliver" as the delivery option                  # com.cineplex.stepdefinitions.GiftCardSteps.user_selects_delivery_option(java.lang.String)
  ✔ And User enters "John Doe" as the recipient name                        # com.cineplex.stepdefinitions.GiftCardSteps.user_enters_recipient_name(java.lang.String)
  ✔ And User clicks Add to cart to complete the selection                   # com.cineplex.stepdefinitions.GiftCardSteps.user_clicks_add_to_cart()
  ✔ Then the gift cards should be added to the cart with the correct values # com.cineplex.stepdefinitions.GiftCardSteps.the_gift_cards_should_be_added_to_cart_with_correct_values()
]]></system-out>
  </testcase>
  <testcase name="User tries to enter a gift card value exceeding the maximum allowed" classname="Gift Card Purchase" time="11.784">
    <error message="element not interactable&#10;  (Session info: chrome=139.0.7258.129)&#10;Build info: version: &apos;4.35.0&apos;, revision: &apos;1c58e5028b&apos;&#10;System info: os.name: &apos;Windows 10&apos;, os.arch: &apos;amd64&apos;, os.version: &apos;10.0&apos;, java.version: &apos;21.0.7&apos;&#10;Driver info: org.openqa.selenium.chrome.ChromeDriver&#10;Command: [43b0507dce6b715162a9aee1c009e041, sendKeysToElement {id=f.9DEECB4C35737C8FE1D5C8BBDDBD1D1C.d.018B222C0588116AFA8EA7CF275DA751.e.57, value=[Ljava.lang.CharSequence;@71adfedd}]&#10;Capabilities {acceptInsecureCerts: false, browserName: chrome, browserVersion: 139.0.7258.129, chrome: {chromedriverVersion: 139.0.7258.138 (884e54ea8d4..., userDataDir: C:\Users\abhiy\AppData\Loca...}, fedcm:accounts: true, goog:chromeOptions: {debuggerAddress: localhost:49302}, networkConnectionEnabled: false, pageLoadStrategy: normal, platformName: windows, proxy: Proxy(), se:cdp: ws://localhost:49302/devtoo..., se:cdpVersion: 139.0.7258.129, setWindowRect: true, strictFileInteractability: false, timeouts: {implicit: 0, pageLoad: 300000, script: 30000}, unhandledPromptBehavior: dismiss and notify, webauthn:extension:credBlob: true, webauthn:extension:largeBlob: true, webauthn:extension:minPinLength: true, webauthn:extension:prf: true, webauthn:virtualAuthenticators: true}&#10;Element: [[ChromeDriver: chrome on windows (43b0507dce6b715162a9aee1c009e041)] -&gt; xpath: //input[@name=&apos;card_value&apos; and @type=&apos;number&apos;]]&#10;Session ID: 43b0507dce6b715162a9aee1c009e041" type="org.openqa.selenium.ElementNotInteractableException"><![CDATA[org.openqa.selenium.ElementNotInteractableException: 
element not interactable
  (Session info: chrome=139.0.7258.129)
Build info: version: '4.35.0', revision: '1c58e5028b'
System info: os.name: 'Windows 10', os.arch: 'amd64', os.version: '10.0', java.version: '21.0.7'
Driver info: org.openqa.selenium.chrome.ChromeDriver
Command: [43b0507dce6b715162a9aee1c009e041, sendKeysToElement {id=f.9DEECB4C35737C8FE1D5C8BBDDBD1D1C.d.018B222C0588116AFA8EA7CF275DA751.e.57, value=[Ljava.lang.CharSequence;@71adfedd}]
Capabilities {acceptInsecureCerts: false, browserName: chrome, browserVersion: 139.0.7258.129, chrome: {chromedriverVersion: 139.0.7258.138 (884e54ea8d4..., userDataDir: C:\Users\abhiy\AppData\Loca...}, fedcm:accounts: true, goog:chromeOptions: {debuggerAddress: localhost:49302}, networkConnectionEnabled: false, pageLoadStrategy: normal, platformName: windows, proxy: Proxy(), se:cdp: ws://localhost:49302/devtoo..., se:cdpVersion: 139.0.7258.129, setWindowRect: true, strictFileInteractability: false, timeouts: {implicit: 0, pageLoad: 300000, script: 30000}, unhandledPromptBehavior: dismiss and notify, webauthn:extension:credBlob: true, webauthn:extension:largeBlob: true, webauthn:extension:minPinLength: true, webauthn:extension:prf: true, webauthn:virtualAuthenticators: true}
Element: [[ChromeDriver: chrome on windows (43b0507dce6b715162a9aee1c009e041)] -> xpath: //input[@name='card_value' and @type='number']]
Session ID: 43b0507dce6b715162a9aee1c009e041
	at java.base/jdk.internal.reflect.DirectConstructorHandleAccessor.newInstance(DirectConstructorHandleAccessor.java:62)
	at java.base/java.lang.reflect.Constructor.newInstanceWithCaller(Constructor.java:502)
	at java.base/java.lang.reflect.Constructor.newInstance(Constructor.java:486)
	at org.openqa.selenium.remote.ErrorCodec.decode(ErrorCodec.java:167)
	at org.openqa.selenium.remote.codec.w3c.W3CHttpResponseCodec.decode(W3CHttpResponseCodec.java:138)
	at org.openqa.selenium.remote.codec.w3c.W3CHttpResponseCodec.decode(W3CHttpResponseCodec.java:50)
	at org.openqa.selenium.remote.HttpCommandExecutor.execute(HttpCommandExecutor.java:215)
	at org.openqa.selenium.remote.service.DriverCommandExecutor.invokeExecute(DriverCommandExecutor.java:216)
	at org.openqa.selenium.remote.service.DriverCommandExecutor.execute(DriverCommandExecutor.java:174)
	at org.openqa.selenium.remote.RemoteWebDriver.execute(RemoteWebDriver.java:557)
	at org.openqa.selenium.remote.RemoteWebElement.execute(RemoteWebElement.java:223)
	at org.openqa.selenium.remote.RemoteWebElement.sendKeys(RemoteWebElement.java:110)
	at com.cineplex.actions.GiftCardPageActions.enterCardValue(GiftCardPageActions.java:149)
	at com.cineplex.stepdefinitions.GiftCardSteps.user_enters_card_value(GiftCardSteps.java:59)
	at ✽.User enters "250" as the card value(file:///F:/Trial/selenium_project/src/test/resources/features/GiftCard.feature:23)
]]></error>
    <system-out><![CDATA[
Scenario: User tries to enter a gift card value exceeding the maximum allowed               # file:///F:/Trial/selenium_project/src/test/resources/features/GiftCard.feature:17
  ✔ Given User opens the Cineplex homepage                                                  # com.cineplex.stepdefinitions.GiftCardSteps.user_opens_cineplex_homepage()
  ✔ And User clicks on the Menu button                                                      # com.cineplex.stepdefinitions.GiftCardSteps.user_clicks_on_menu_button()
  ✔ And User navigates to Gift Cards                                                        # com.cineplex.stepdefinitions.GiftCardSteps.user_navigates_to_gift_cards()
  ✔ When User clicks Send an E-Gift Card                                                    # com.cineplex.stepdefinitions.GiftCardSteps.user_clicks_send_e_gift_card()
  ✔ And User scrolls down the page a few times and back to top                              # com.cineplex.stepdefinitions.GiftCardSteps.user_scrolls_down_and_back()
  ✘ And User enters "250" as the card value                                                 # com.cineplex.stepdefinitions.GiftCardSteps.user_enters_card_value(java.lang.String)
        org.openqa.selenium.ElementNotInteractableException: element not interactable
          (Session info: chrome=139.0.7258.129)
        Build info: version: '4.35.0', revision: '1c58e5028b'
        System info: os.name: 'Windows 10', os.arch: 'amd64', os.version: '10.0', java.version: '21.0.7'
        Driver info: org.openqa.selenium.chrome.ChromeDriver
        Command: [43b0507dce6b715162a9aee1c009e041, sendKeysToElement {id=f.9DEECB4C35737C8FE1D5C8BBDDBD1D1C.d.018B222C0588116AFA8EA7CF275DA751.e.57, value=[Ljava.lang.CharSequence;@71adfedd}]
        Capabilities {acceptInsecureCerts: false, browserName: chrome, browserVersion: 139.0.7258.129, chrome: {chromedriverVersion: 139.0.7258.138 (884e54ea8d4..., userDataDir: C:\Users\abhiy\AppData\Loca...}, fedcm:accounts: true, goog:chromeOptions: {debuggerAddress: localhost:49302}, networkConnectionEnabled: false, pageLoadStrategy: normal, platformName: windows, proxy: Proxy(), se:cdp: ws://localhost:49302/devtoo..., se:cdpVersion: 139.0.7258.129, setWindowRect: true, strictFileInteractability: false, timeouts: {implicit: 0, pageLoad: 300000, script: 30000}, unhandledPromptBehavior: dismiss and notify, webauthn:extension:credBlob: true, webauthn:extension:largeBlob: true, webauthn:extension:minPinLength: true, webauthn:extension:prf: true, webauthn:virtualAuthenticators: true}
        Element: [[ChromeDriver: chrome on windows (43b0507dce6b715162a9aee1c009e041)] -> xpath: //input[@name='card_value' and @type='number']]
        Session ID: 43b0507dce6b715162a9aee1c009e041
        	at java.base/jdk.internal.reflect.DirectConstructorHandleAccessor.newInstance(DirectConstructorHandleAccessor.java:62)
        	at java.base/java.lang.reflect.Constructor.newInstanceWithCaller(Constructor.java:502)
        	at java.base/java.lang.reflect.Constructor.newInstance(Constructor.java:486)
        	at org.openqa.selenium.remote.ErrorCodec.decode(ErrorCodec.java:167)
        	at org.openqa.selenium.remote.codec.w3c.W3CHttpResponseCodec.decode(W3CHttpResponseCodec.java:138)
        	at org.openqa.selenium.remote.codec.w3c.W3CHttpResponseCodec.decode(W3CHttpResponseCodec.java:50)
        	at org.openqa.selenium.remote.HttpCommandExecutor.execute(HttpCommandExecutor.java:215)
        	at org.openqa.selenium.remote.service.DriverCommandExecutor.invokeExecute(DriverCommandExecutor.java:216)
        	at org.openqa.selenium.remote.service.DriverCommandExecutor.execute(DriverCommandExecutor.java:174)
        	at org.openqa.selenium.remote.RemoteWebDriver.execute(RemoteWebDriver.java:557)
        	at org.openqa.selenium.remote.RemoteWebElement.execute(RemoteWebElement.java:223)
        	at org.openqa.selenium.remote.RemoteWebElement.sendKeys(RemoteWebElement.java:110)
        	at com.cineplex.actions.GiftCardPageActions.enterCardValue(GiftCardPageActions.java:149)
        	at com.cineplex.stepdefinitions.GiftCardSteps.user_enters_card_value(GiftCardSteps.java:59)
        	at ✽.User enters "250" as the card value(file:///F:/Trial/selenium_project/src/test/resources/features/GiftCard.feature:23)
  ↷ And User enters "7" as the quantity                                                     # com.cineplex.stepdefinitions.GiftCardSteps.user_enters_quantity(java.lang.String)
  ↷ Then the gift card value field should automatically adjust to the maximum allowed "200" # com.cineplex.stepdefinitions.GiftCardSteps.the_gift_card_value_field_should_automatically_adjust(java.lang.String)
]]></system-out>
  </testcase>
  <testcase name="User tries to enter a gift card quantity exceeding the maximum allowed" classname="Gift Card Purchase" time="11.023">
    <error message="element not interactable&#10;  (Session info: chrome=139.0.7258.129)&#10;Build info: version: &apos;4.35.0&apos;, revision: &apos;1c58e5028b&apos;&#10;System info: os.name: &apos;Windows 10&apos;, os.arch: &apos;amd64&apos;, os.version: &apos;10.0&apos;, java.version: &apos;21.0.7&apos;&#10;Driver info: org.openqa.selenium.chrome.ChromeDriver&#10;Command: [43b0507dce6b715162a9aee1c009e041, sendKeysToElement {id=f.AA524EF24F8DCD6B9D2D50D61C23FB5A.d.215C0CAC93551A143331897B8AA4E3FE.e.93, value=[Ljava.lang.CharSequence;@24c8d8be}]&#10;Capabilities {acceptInsecureCerts: false, browserName: chrome, browserVersion: 139.0.7258.129, chrome: {chromedriverVersion: 139.0.7258.138 (884e54ea8d4..., userDataDir: C:\Users\abhiy\AppData\Loca...}, fedcm:accounts: true, goog:chromeOptions: {debuggerAddress: localhost:49302}, networkConnectionEnabled: false, pageLoadStrategy: normal, platformName: windows, proxy: Proxy(), se:cdp: ws://localhost:49302/devtoo..., se:cdpVersion: 139.0.7258.129, setWindowRect: true, strictFileInteractability: false, timeouts: {implicit: 0, pageLoad: 300000, script: 30000}, unhandledPromptBehavior: dismiss and notify, webauthn:extension:credBlob: true, webauthn:extension:largeBlob: true, webauthn:extension:minPinLength: true, webauthn:extension:prf: true, webauthn:virtualAuthenticators: true}&#10;Element: [[ChromeDriver: chrome on windows (43b0507dce6b715162a9aee1c009e041)] -&gt; xpath: //input[@name=&apos;card_value&apos; and @type=&apos;number&apos;]]&#10;Session ID: 43b0507dce6b715162a9aee1c009e041" type="org.openqa.selenium.ElementNotInteractableException"><![CDATA[org.openqa.selenium.ElementNotInteractableException: 
element not interactable
  (Session info: chrome=139.0.7258.129)
Build info: version: '4.35.0', revision: '1c58e5028b'
System info: os.name: 'Windows 10', os.arch: 'amd64', os.version: '10.0', java.version: '21.0.7'
Driver info: org.openqa.selenium.chrome.ChromeDriver
Command: [43b0507dce6b715162a9aee1c009e041, sendKeysToElement {id=f.AA524EF24F8DCD6B9D2D50D61C23FB5A.d.215C0CAC93551A143331897B8AA4E3FE.e.93, value=[Ljava.lang.CharSequence;@24c8d8be}]
Capabilities {acceptInsecureCerts: false, browserName: chrome, browserVersion: 139.0.7258.129, chrome: {chromedriverVersion: 139.0.7258.138 (884e54ea8d4..., userDataDir: C:\Users\abhiy\AppData\Loca...}, fedcm:accounts: true, goog:chromeOptions: {debuggerAddress: localhost:49302}, networkConnectionEnabled: false, pageLoadStrategy: normal, platformName: windows, proxy: Proxy(), se:cdp: ws://localhost:49302/devtoo..., se:cdpVersion: 139.0.7258.129, setWindowRect: true, strictFileInteractability: false, timeouts: {implicit: 0, pageLoad: 300000, script: 30000}, unhandledPromptBehavior: dismiss and notify, webauthn:extension:credBlob: true, webauthn:extension:largeBlob: true, webauthn:extension:minPinLength: true, webauthn:extension:prf: true, webauthn:virtualAuthenticators: true}
Element: [[ChromeDriver: chrome on windows (43b0507dce6b715162a9aee1c009e041)] -> xpath: //input[@name='card_value' and @type='number']]
Session ID: 43b0507dce6b715162a9aee1c009e041
	at java.base/jdk.internal.reflect.DirectConstructorHandleAccessor.newInstance(DirectConstructorHandleAccessor.java:62)
	at java.base/java.lang.reflect.Constructor.newInstanceWithCaller(Constructor.java:502)
	at java.base/java.lang.reflect.Constructor.newInstance(Constructor.java:486)
	at org.openqa.selenium.remote.ErrorCodec.decode(ErrorCodec.java:167)
	at org.openqa.selenium.remote.codec.w3c.W3CHttpResponseCodec.decode(W3CHttpResponseCodec.java:138)
	at org.openqa.selenium.remote.codec.w3c.W3CHttpResponseCodec.decode(W3CHttpResponseCodec.java:50)
	at org.openqa.selenium.remote.HttpCommandExecutor.execute(HttpCommandExecutor.java:215)
	at org.openqa.selenium.remote.service.DriverCommandExecutor.invokeExecute(DriverCommandExecutor.java:216)
	at org.openqa.selenium.remote.service.DriverCommandExecutor.execute(DriverCommandExecutor.java:174)
	at org.openqa.selenium.remote.RemoteWebDriver.execute(RemoteWebDriver.java:557)
	at org.openqa.selenium.remote.RemoteWebElement.execute(RemoteWebElement.java:223)
	at org.openqa.selenium.remote.RemoteWebElement.sendKeys(RemoteWebElement.java:110)
	at com.cineplex.actions.GiftCardPageActions.enterCardValue(GiftCardPageActions.java:149)
	at com.cineplex.stepdefinitions.GiftCardSteps.user_enters_card_value(GiftCardSteps.java:59)
	at ✽.User enters "90" as the card value(file:///F:/Trial/selenium_project/src/test/resources/features/GiftCard.feature:33)
]]></error>
    <system-out><![CDATA[
Scenario: User tries to enter a gift card quantity exceeding the maximum allowed   # file:///F:/Trial/selenium_project/src/test/resources/features/GiftCard.feature:27
  ✔ Given User opens the Cineplex homepage                                         # com.cineplex.stepdefinitions.GiftCardSteps.user_opens_cineplex_homepage()
  ✔ And User clicks on the Menu button                                             # com.cineplex.stepdefinitions.GiftCardSteps.user_clicks_on_menu_button()
  ✔ And User navigates to Gift Cards                                               # com.cineplex.stepdefinitions.GiftCardSteps.user_navigates_to_gift_cards()
  ✔ When User clicks Send an E-Gift Card                                           # com.cineplex.stepdefinitions.GiftCardSteps.user_clicks_send_e_gift_card()
  ✔ And User scrolls down the page a few times and back to top                     # com.cineplex.stepdefinitions.GiftCardSteps.user_scrolls_down_and_back()
  ✘ And User enters "90" as the card value                                         # com.cineplex.stepdefinitions.GiftCardSteps.user_enters_card_value(java.lang.String)
        org.openqa.selenium.ElementNotInteractableException: element not interactable
          (Session info: chrome=139.0.7258.129)
        Build info: version: '4.35.0', revision: '1c58e5028b'
        System info: os.name: 'Windows 10', os.arch: 'amd64', os.version: '10.0', java.version: '21.0.7'
        Driver info: org.openqa.selenium.chrome.ChromeDriver
        Command: [43b0507dce6b715162a9aee1c009e041, sendKeysToElement {id=f.AA524EF24F8DCD6B9D2D50D61C23FB5A.d.215C0CAC93551A143331897B8AA4E3FE.e.93, value=[Ljava.lang.CharSequence;@24c8d8be}]
        Capabilities {acceptInsecureCerts: false, browserName: chrome, browserVersion: 139.0.7258.129, chrome: {chromedriverVersion: 139.0.7258.138 (884e54ea8d4..., userDataDir: C:\Users\abhiy\AppData\Loca...}, fedcm:accounts: true, goog:chromeOptions: {debuggerAddress: localhost:49302}, networkConnectionEnabled: false, pageLoadStrategy: normal, platformName: windows, proxy: Proxy(), se:cdp: ws://localhost:49302/devtoo..., se:cdpVersion: 139.0.7258.129, setWindowRect: true, strictFileInteractability: false, timeouts: {implicit: 0, pageLoad: 300000, script: 30000}, unhandledPromptBehavior: dismiss and notify, webauthn:extension:credBlob: true, webauthn:extension:largeBlob: true, webauthn:extension:minPinLength: true, webauthn:extension:prf: true, webauthn:virtualAuthenticators: true}
        Element: [[ChromeDriver: chrome on windows (43b0507dce6b715162a9aee1c009e041)] -> xpath: //input[@name='card_value' and @type='number']]
        Session ID: 43b0507dce6b715162a9aee1c009e041
        	at java.base/jdk.internal.reflect.DirectConstructorHandleAccessor.newInstance(DirectConstructorHandleAccessor.java:62)
        	at java.base/java.lang.reflect.Constructor.newInstanceWithCaller(Constructor.java:502)
        	at java.base/java.lang.reflect.Constructor.newInstance(Constructor.java:486)
        	at org.openqa.selenium.remote.ErrorCodec.decode(ErrorCodec.java:167)
        	at org.openqa.selenium.remote.codec.w3c.W3CHttpResponseCodec.decode(W3CHttpResponseCodec.java:138)
        	at org.openqa.selenium.remote.codec.w3c.W3CHttpResponseCodec.decode(W3CHttpResponseCodec.java:50)
        	at org.openqa.selenium.remote.HttpCommandExecutor.execute(HttpCommandExecutor.java:215)
        	at org.openqa.selenium.remote.service.DriverCommandExecutor.invokeExecute(DriverCommandExecutor.java:216)
        	at org.openqa.selenium.remote.service.DriverCommandExecutor.execute(DriverCommandExecutor.java:174)
        	at org.openqa.selenium.remote.RemoteWebDriver.execute(RemoteWebDriver.java:557)
        	at org.openqa.selenium.remote.RemoteWebElement.execute(RemoteWebElement.java:223)
        	at org.openqa.selenium.remote.RemoteWebElement.sendKeys(RemoteWebElement.java:110)
        	at com.cineplex.actions.GiftCardPageActions.enterCardValue(GiftCardPageActions.java:149)
        	at com.cineplex.stepdefinitions.GiftCardSteps.user_enters_card_value(GiftCardSteps.java:59)
        	at ✽.User enters "90" as the card value(file:///F:/Trial/selenium_project/src/test/resources/features/GiftCard.feature:33)
  ↷ And User enters "35" as the quantity                                           # com.cineplex.stepdefinitions.GiftCardSteps.user_enters_quantity(java.lang.String)
  ↷ Then the quantity field should automatically adjust to the maximum allowed "7" # com.cineplex.stepdefinitions.GiftCardSteps.the_quantity_field_should_automatically_adjust(java.lang.String)
]]></system-out>
  </testcase>
  <testcase name="User views basic movie details #1" classname="Movie Experience" time="9.208">
    <system-out><![CDATA[
Scenario Outline: User views basic movie details               # file:///F:/Trial/selenium_project/src/test/resources/features/Movie.feature:13
  ✔ Given User opens the Cineplex homepage                     # com.cineplex.stepdefinitions.GiftCardSteps.user_opens_cineplex_homepage()
  ✔ When User searches for "Relay"                             # com.cineplex.stepdefinitions.MovieSteps.user_searches_for(java.lang.String)
  ✔ And User selects the movie "Relay" from the search results # com.cineplex.stepdefinitions.MovieSteps.user_selects_movie_from_search_results(java.lang.String)
  ✔ Then Movie title should be displayed as "Relay"            # com.cineplex.stepdefinitions.MovieSteps.movie_title_should_be_displayed(java.lang.String)
  ✔ And The runtime should be visible as "1h 52min"            # com.cineplex.stepdefinitions.MovieSteps.the_runtime_should_be_visible(java.lang.String)
  ✔ And The genre should be visible as "Action, Thriller"      # com.cineplex.stepdefinitions.MovieSteps.the_genre_should_be_visible(java.lang.String)
  ✔ And The rating should be visible as "14A"                  # com.cineplex.stepdefinitions.MovieSteps.the_rating_should_be_visible(java.lang.String)
]]></system-out>
  </testcase>
  <testcase name="User views basic movie details #2" classname="Movie Experience" time="10.315">
    <system-out><![CDATA[
Scenario Outline: User views basic movie details                  # file:///F:/Trial/selenium_project/src/test/resources/features/Movie.feature:14
  ✔ Given User opens the Cineplex homepage                        # com.cineplex.stepdefinitions.GiftCardSteps.user_opens_cineplex_homepage()
  ✔ When User searches for "Nobody 2"                             # com.cineplex.stepdefinitions.MovieSteps.user_searches_for(java.lang.String)
  ✔ And User selects the movie "Nobody 2" from the search results # com.cineplex.stepdefinitions.MovieSteps.user_selects_movie_from_search_results(java.lang.String)
  ✔ Then Movie title should be displayed as "Nobody 2"            # com.cineplex.stepdefinitions.MovieSteps.movie_title_should_be_displayed(java.lang.String)
  ✔ And The runtime should be visible as "1h 29min"               # com.cineplex.stepdefinitions.MovieSteps.the_runtime_should_be_visible(java.lang.String)
  ✔ And The genre should be visible as "Comedy, Crime, Thriller"  # com.cineplex.stepdefinitions.MovieSteps.the_genre_should_be_visible(java.lang.String)
  ✔ And The rating should be visible as "14A"                     # com.cineplex.stepdefinitions.MovieSteps.the_rating_should_be_visible(java.lang.String)
]]></system-out>
  </testcase>
  <testcase name="User views basic movie details #3" classname="Movie Experience" time="9.789">
    <system-out><![CDATA[
Scenario Outline: User views basic movie details                                  # file:///F:/Trial/selenium_project/src/test/resources/features/Movie.feature:15
  ✔ Given User opens the Cineplex homepage                                        # com.cineplex.stepdefinitions.GiftCardSteps.user_opens_cineplex_homepage()
  ✔ When User searches for "How to Train Your Dragon"                             # com.cineplex.stepdefinitions.MovieSteps.user_searches_for(java.lang.String)
  ✔ And User selects the movie "How to Train Your Dragon" from the search results # com.cineplex.stepdefinitions.MovieSteps.user_selects_movie_from_search_results(java.lang.String)
  ✔ Then Movie title should be displayed as "How to Train Your Dragon"            # com.cineplex.stepdefinitions.MovieSteps.movie_title_should_be_displayed(java.lang.String)
  ✔ And The runtime should be visible as "2h 6min"                                # com.cineplex.stepdefinitions.MovieSteps.the_runtime_should_be_visible(java.lang.String)
  ✔ And The genre should be visible as "Action, Adventure"                        # com.cineplex.stepdefinitions.MovieSteps.the_genre_should_be_visible(java.lang.String)
  ✔ And The rating should be visible as "PG"                                      # com.cineplex.stepdefinitions.MovieSteps.the_rating_should_be_visible(java.lang.String)
]]></system-out>
  </testcase>
</testsuite>